[SEVERE] it.unisa.diem.wordageddon_g16.utility.SystemLogger: Errore durante la deserializzazione del file interruptedSession.ser
java.lang.ClassNotFoundException: it.unisa.diem.wordageddon_g16.services.GameService$Question
	at java.base/jdk.internal.loader.BuiltinClassLoader.loadClass(BuiltinClassLoader.java:580)
	at java.base/java.lang.ClassLoader.loadClass(ClassLoader.java:490)
	at java.base/java.lang.Class.forName0(Native Method)
	at java.base/java.lang.Class.forName(Class.java:543)
	at java.base/java.io.ObjectInputStream.resolveClass(ObjectInputStream.java:753)
	at java.base/java.io.ObjectInputStream.readNonProxyDesc(ObjectInputStream.java:1945)
	at java.base/java.io.ObjectInputStream.readClassDesc(ObjectInputStream.java:1818)
	at java.base/java.io.ObjectInputStream.readOrdinaryObject(ObjectInputStream.java:2134)
	at java.base/java.io.ObjectInputStream.readObject0(ObjectInputStream.java:1653)
	at java.base/java.io.ObjectInputStream.readObject(ObjectInputStream.java:495)
	at java.base/java.io.ObjectInputStream.readObject(ObjectInputStream.java:453)
	at java.base/java.util.HashMap.readObject(HashMap.java:1559)
	at java.base/jdk.internal.reflect.DirectMethodHandleAccessor.invoke(DirectMethodHandleAccessor.java:104)
	at java.base/java.lang.reflect.Method.invoke(Method.java:565)
	at java.base/java.io.ObjectStreamClass.invokeReadObject(ObjectStreamClass.java:976)
	at java.base/java.io.ObjectInputStream.readSerialData(ObjectInputStream.java:2335)
	at java.base/java.io.ObjectInputStream.readOrdinaryObject(ObjectInputStream.java:2166)
	at java.base/java.io.ObjectInputStream.readObject0(ObjectInputStream.java:1653)
	at java.base/java.io.ObjectInputStream$FieldValues.<init>(ObjectInputStream.java:2513)
	at java.base/java.io.ObjectInputStream.readRecord(ObjectInputStream.java:2267)
	at java.base/java.io.ObjectInputStream.readOrdinaryObject(ObjectInputStream.java:2160)
	at java.base/java.io.ObjectInputStream.readObject0(ObjectInputStream.java:1653)
	at java.base/java.io.ObjectInputStream.readObject(ObjectInputStream.java:495)
	at java.base/java.io.ObjectInputStream.readObject(ObjectInputStream.java:453)
	at it.unisa.diem.wordageddongruppo_16@1.0-SNAPSHOT/it.unisa.diem.wordageddon_g16.controllers.MainMenuController.initialize(MainMenuController.java:67)
	at javafx.fxml@21.0.2/javafx.fxml.FXMLLoader.loadImpl(FXMLLoader.java:2670)
	at javafx.fxml@21.0.2/javafx.fxml.FXMLLoader.loadImpl(FXMLLoader.java:2563)
	at javafx.fxml@21.0.2/javafx.fxml.FXMLLoader.load(FXMLLoader.java:2531)
	at it.unisa.diem.wordageddongruppo_16@1.0-SNAPSHOT/it.unisa.diem.wordageddon_g16.utility.ViewLoader.load(ViewLoader.java:117)
	at it.unisa.diem.wordageddongruppo_16@1.0-SNAPSHOT/it.unisa.diem.wordageddon_g16.WordageddonApp.start(WordageddonApp.java:64)
	at javafx.graphics@21.0.2/com.sun.javafx.application.LauncherImpl.lambda$launchApplication1$9(LauncherImpl.java:839)
	at javafx.graphics@21.0.2/com.sun.javafx.application.PlatformImpl.lambda$runAndWait$12(PlatformImpl.java:483)
	at javafx.graphics@21.0.2/com.sun.javafx.application.PlatformImpl.lambda$runLater$10(PlatformImpl.java:456)
	at java.base/java.security.AccessController.doPrivileged(AccessController.java:138)
	at javafx.graphics@21.0.2/com.sun.javafx.application.PlatformImpl.lambda$runLater$11(PlatformImpl.java:455)
	at javafx.graphics@21.0.2/com.sun.glass.ui.InvokeLaterDispatcher$Future.run(InvokeLaterDispatcher.java:95)
	at javafx.graphics@21.0.2/com.sun.glass.ui.gtk.GtkApplication._runLoop(Native Method)
	at javafx.graphics@21.0.2/com.sun.glass.ui.gtk.GtkApplication.lambda$runLoop$10(GtkApplication.java:263)
	at java.base/java.lang.Thread.run(Thread.java:1447)
